<?xml version="1.0" encoding="UTF-8"?>
<testng-results skipped="0" failed="1" ignored="0" total="1" passed="0">
  <reporter-output>
  </reporter-output>
  <suite name="Default suite" duration-ms="1953" started-at="2018-10-16T11:24:52Z" finished-at="2018-10-16T11:24:54Z">
    <groups>
    </groups>
    <test name="Default test" duration-ms="1953" started-at="2018-10-16T11:24:52Z" finished-at="2018-10-16T11:24:54Z">
      <class name="com.volvo.mfg.test.TestIDNELoginPage">
        <test-method status="PASS" signature="startTest()[pri:0, instance:com.volvo.mfg.test.TestIDNELoginPage@48503868]" name="startTest" is-config="true" duration-ms="406" started-at="2018-10-16T16:54:52Z" finished-at="2018-10-16T16:54:53Z">
          <reporter-output>
          </reporter-output>
        </test-method> <!-- startTest -->
        <test-method status="PASS" signature="setUp()[pri:0, instance:com.volvo.mfg.test.TestIDNELoginPage@48503868]" name="setUp" is-config="true" duration-ms="219" started-at="2018-10-16T16:54:53Z" finished-at="2018-10-16T16:54:53Z">
          <reporter-output>
          </reporter-output>
        </test-method> <!-- setUp -->
        <test-method status="PASS" signature="InitTestMethod(java.lang.String, java.lang.String, java.lang.reflect.Method)[pri:0, instance:com.volvo.mfg.test.TestIDNELoginPage@48503868]" name="InitTestMethod" is-config="true" duration-ms="32" started-at="2018-10-16T16:54:53Z" finished-at="2018-10-16T16:54:53Z">
          <params>
            <param index="0">
              <value>
                <![CDATA[b]]>
              </value>
            </param>
            <param index="1">
              <value>
                <![CDATA[url]]>
              </value>
            </param>
            <param index="2">
              <value>
                <![CDATA[public void com.volvo.mfg.test.TestIDNELoginPage.IdneSearchEquipment(java.util.LinkedHashMap) throws java.io.IOException,java.lang.InterruptedException]]>
              </value>
            </param>
          </params>
          <reporter-output>
          </reporter-output>
        </test-method> <!-- InitTestMethod -->
        <test-method status="FAIL" signature="IdneSearchEquipment(java.util.LinkedHashMap)[pri:0, instance:com.volvo.mfg.test.TestIDNELoginPage@48503868]" name="IdneSearchEquipment" duration-ms="93" started-at="2018-10-16T16:54:53Z" data-provider="TestDataProvider" finished-at="2018-10-16T16:54:53Z">
          <params>
            <param index="0">
              <value>
                <![CDATA[{TC_No=TC_02, TestCase_Name=IdneSearchEquipment, Execution_Status=Yes, UserName=ksikhako, Password=84110t28@1tuc4Oa, Expected=IDNE - Inventory Database for Network Equipment}]]>
              </value>
            </param>
          </params>
          <exception class="java.lang.NullPointerException">
            <full-stacktrace>
              <![CDATA[java.lang.NullPointerExceptionat com.volvo.mfg.pagecomponents.SearchEquipmentPage.HostNameSearch(SearchEquipmentPage.java:18)at com.volvo.mfg.test.TestIDNELoginPage.IdneSearchEquipment(TestIDNELoginPage.java:46)at sun.reflect.NativeMethodAccessorImpl.invoke0(Native Method)at sun.reflect.NativeMethodAccessorImpl.invoke(Unknown Source)at sun.reflect.DelegatingMethodAccessorImpl.invoke(Unknown Source)at java.lang.reflect.Method.invoke(Unknown Source)at org.testng.internal.MethodInvocationHelper.invokeMethod(MethodInvocationHelper.java:124)at org.testng.internal.Invoker.invokeMethod(Invoker.java:571)at org.testng.internal.Invoker.invokeTestMethod(Invoker.java:707)at org.testng.internal.Invoker.invokeTestMethods(Invoker.java:979)at org.testng.internal.TestMethodWorker.invokeTestMethods(TestMethodWorker.java:125)at org.testng.internal.TestMethodWorker.run(TestMethodWorker.java:109)at org.testng.TestRunner.privateRun(TestRunner.java:648)at org.testng.TestRunner.run(TestRunner.java:505)at org.testng.SuiteRunner.runTest(SuiteRunner.java:455)at org.testng.SuiteRunner.runSequentially(SuiteRunner.java:450)at org.testng.SuiteRunner.privateRun(SuiteRunner.java:415)at org.testng.SuiteRunner.run(SuiteRunner.java:364)at org.testng.SuiteRunnerWorker.runSuite(SuiteRunnerWorker.java:52)at org.testng.SuiteRunnerWorker.run(SuiteRunnerWorker.java:84)at org.testng.TestNG.runSuitesSequentially(TestNG.java:1187)at org.testng.TestNG.runSuitesLocally(TestNG.java:1116)at org.testng.TestNG.runSuites(TestNG.java:1028)at org.testng.TestNG.run(TestNG.java:996)at org.testng.remote.AbstractRemoteTestNG.run(AbstractRemoteTestNG.java:114)at org.testng.remote.RemoteTestNG.initAndRun(RemoteTestNG.java:251)at org.testng.remote.RemoteTestNG.main(RemoteTestNG.java:77)]]>
            </full-stacktrace>
          </exception> <!-- java.lang.NullPointerException -->
          <reporter-output>
          </reporter-output>
        </test-method> <!-- IdneSearchEquipment -->
        <test-method status="PASS" signature="cleanUp()[pri:0, instance:com.volvo.mfg.test.TestIDNELoginPage@48503868]" name="cleanUp" is-config="true" duration-ms="937" started-at="2018-10-16T16:54:53Z" finished-at="2018-10-16T16:54:54Z">
          <reporter-output>
          </reporter-output>
        </test-method> <!-- cleanUp -->
        <test-method status="PASS" signature="afterMethods()[pri:0, instance:com.volvo.mfg.test.TestIDNELoginPage@48503868]" name="afterMethods" is-config="true" duration-ms="0" started-at="2018-10-16T16:54:53Z" finished-at="2018-10-16T16:54:53Z">
          <reporter-output>
          </reporter-output>
        </test-method> <!-- afterMethods -->
        <test-method status="PASS" signature="endTest()[pri:0, instance:com.volvo.mfg.test.TestIDNELoginPage@48503868]" name="endTest" is-config="true" duration-ms="16" started-at="2018-10-16T16:54:54Z" finished-at="2018-10-16T16:54:54Z">
          <reporter-output>
          </reporter-output>
        </test-method> <!-- endTest -->
      </class> <!-- com.volvo.mfg.test.TestIDNELoginPage -->
    </test> <!-- Default test -->
  </suite> <!-- Default suite -->
</testng-results>
